09:28:44.645 - DB url : jdbc:postgresql://localhost:5432/blynk?tcpKeepAlive=true&socketTimeout=150
09:28:44.655 - DB user : test
09:28:44.655 - Connecting to DB...
09:28:44.803 - Connected to database successfully.
09:28:44.834 - Storing users...
09:28:44.847 - DB url : jdbc:postgresql://localhost:5432/blynk?tcpKeepAlive=true&socketTimeout=150
09:28:44.847 - DB user : test
09:28:44.848 - Connecting to DB...
09:28:44.899 - Connected to database successfully.
09:28:45.172 - DB url : jdbc:postgresql://localhost:5432/blynk?tcpKeepAlive=true&socketTimeout=150
09:28:45.172 - DB user : test
09:28:45.172 - Connecting to DB...
09:28:45.216 - Connected to database successfully.
09:28:45.230 - Storing users finished. Time 396. Users saved 4
09:28:45.240 - Storing HOURLY reporting...
09:28:45.252 - Storing HOURLY reporting finished. Time 13. Records saved 3
09:28:45.252 - Removing old reporting records...
09:28:45.256 - Removing finished. Minute records 0, hour records 3. Time 16
09:28:45.258 - DB url : jdbc:postgresql://localhost:5432/blynk?tcpKeepAlive=true&socketTimeout=150
09:28:45.258 - DB user : test
09:28:45.259 - Connecting to DB...
09:28:45.291 - Connected to database successfully.
09:28:45.310 - DB url : jdbc:postgresql://localhost:5432/blynk?tcpKeepAlive=true&socketTimeout=150
09:28:45.310 - DB user : test
09:28:45.310 - Connecting to DB...
09:28:45.343 - Connected to database successfully.
09:28:45.354 - Storing HOURLY reporting...
09:28:45.362 - Storing HOURLY reporting finished. Time 8. Records saved 3
09:28:45.362 - Removing old reporting records...
09:28:45.365 - Removing finished. Minute records 0, hour records 3. Time 11
09:28:45.373 - DB url : jdbc:postgresql://localhost:5432/blynk?tcpKeepAlive=true&socketTimeout=150
09:28:45.373 - DB user : test
09:28:45.373 - Connecting to DB...
09:28:45.417 - Connected to database successfully.
09:28:45.465 - Storing HOURLY reporting...
09:34:52.685 - DB url : jdbc:postgresql://localhost:5432/blynk?tcpKeepAlive=true&socketTimeout=150
09:34:52.686 - DB user : test
09:34:52.687 - Connecting to DB...
09:34:52.844 - Connected to database successfully.
09:34:52.866 - Storing users...
09:34:52.876 - DB url : jdbc:postgresql://localhost:5432/blynk?tcpKeepAlive=true&socketTimeout=150
09:34:52.876 - DB user : test
09:34:52.876 - Connecting to DB...
09:34:52.926 - Connected to database successfully.
09:34:53.163 - DB url : jdbc:postgresql://localhost:5432/blynk?tcpKeepAlive=true&socketTimeout=150
09:34:53.164 - DB user : test
09:34:53.164 - Connecting to DB...
09:34:53.208 - Connected to database successfully.
09:34:53.234 - Storing HOURLY reporting...
09:34:53.246 - Storing users finished. Time 380. Users saved 4
09:34:53.246 - Storing HOURLY reporting finished. Time 13. Records saved 3
09:34:53.246 - Removing old reporting records...
09:34:53.254 - DB url : jdbc:postgresql://localhost:5432/blynk?tcpKeepAlive=true&socketTimeout=150
09:34:53.254 - DB user : test
09:34:53.254 - Connecting to DB...
09:34:53.254 - Removing finished. Minute records 0, hour records 3. Time 20
09:34:53.284 - Connected to database successfully.
09:34:53.299 - DB url : jdbc:postgresql://localhost:5432/blynk?tcpKeepAlive=true&socketTimeout=150
09:34:53.299 - DB user : test
09:34:53.299 - Connecting to DB...
09:34:53.323 - Connected to database successfully.
09:34:53.345 - Storing HOURLY reporting...
09:34:53.351 - Storing HOURLY reporting finished. Time 7. Records saved 3
09:34:53.351 - Removing old reporting records...
09:34:53.354 - Removing finished. Minute records 0, hour records 3. Time 9
09:34:53.367 - DB url : jdbc:postgresql://localhost:5432/blynk?tcpKeepAlive=true&socketTimeout=150
09:34:53.367 - DB user : test
09:34:53.368 - Connecting to DB...
09:34:53.401 - Connected to database successfully.
09:34:53.418 - Storing HOURLY reporting...
09:34:53.426 - Storing HOURLY reporting finished. Time 7. Records saved 3
09:34:53.426 - Removing old reporting records...
09:34:53.428 - Removing finished. Minute records 0, hour records 3. Time 10
09:49:05.188 - DB url : jdbc:postgresql://localhost:5432/blynk?tcpKeepAlive=true&socketTimeout=150
09:49:05.190 - DB user : test
09:49:05.190 - Connecting to DB...
09:49:05.336 - Connected to database successfully.
09:49:05.355 - Storing users...
09:49:05.366 - DB url : jdbc:postgresql://localhost:5432/blynk?tcpKeepAlive=true&socketTimeout=150
09:49:05.366 - DB user : test
09:49:05.366 - Connecting to DB...
09:49:05.407 - Connected to database successfully.
09:49:05.652 - DB url : jdbc:postgresql://localhost:5432/blynk?tcpKeepAlive=true&socketTimeout=150
09:49:05.652 - DB user : test
09:49:05.652 - Connecting to DB...
09:49:05.701 - Connected to database successfully.
09:49:05.718 - Storing HOURLY reporting...
09:49:05.723 - Storing HOURLY reporting finished. Time 5. Records saved 3
09:49:05.723 - Removing old reporting records...
09:49:05.727 - Removing finished. Minute records 0, hour records 3. Time 8
09:49:05.732 - Storing users finished. Time 377. Users saved 4
09:49:05.740 - DB url : jdbc:postgresql://localhost:5432/blynk?tcpKeepAlive=true&socketTimeout=150
09:49:05.740 - DB user : test
09:49:05.740 - Connecting to DB...
09:49:05.773 - Connected to database successfully.
09:49:05.788 - DB url : jdbc:postgresql://localhost:5432/blynk?tcpKeepAlive=true&socketTimeout=150
09:49:05.789 - DB user : test
09:49:05.789 - Connecting to DB...
09:49:05.827 - Connected to database successfully.
09:49:05.838 - Storing HOURLY reporting...
09:49:05.846 - Storing HOURLY reporting finished. Time 8. Records saved 3
09:49:05.846 - Removing old reporting records...
09:49:05.848 - Removing finished. Minute records 0, hour records 3. Time 10
09:49:05.863 - DB url : jdbc:postgresql://localhost:5432/blynk?tcpKeepAlive=true&socketTimeout=150
09:49:05.864 - DB user : test
09:49:05.864 - Connecting to DB...
09:49:05.895 - Connected to database successfully.
09:49:05.907 - Storing HOURLY reporting...
09:49:05.914 - Storing HOURLY reporting finished. Time 7. Records saved 3
09:49:05.914 - Removing old reporting records...
09:49:05.916 - Removing finished. Minute records 0, hour records 3. Time 9
10:30:13.679 - DB url : jdbc:postgresql://localhost:5432/blynk?tcpKeepAlive=true&socketTimeout=150
10:30:13.680 - DB user : test
10:30:13.681 - Connecting to DB...
10:30:13.827 - Connected to database successfully.
10:30:13.848 - Storing users...
10:30:13.858 - DB url : jdbc:postgresql://localhost:5432/blynk?tcpKeepAlive=true&socketTimeout=150
10:30:13.858 - DB user : test
10:30:13.858 - Connecting to DB...
10:30:13.905 - Connected to database successfully.
10:30:14.160 - DB url : jdbc:postgresql://localhost:5432/blynk?tcpKeepAlive=true&socketTimeout=150
10:30:14.160 - DB user : test
10:30:14.160 - Connecting to DB...
10:30:14.219 - Connected to database successfully.
10:30:14.242 - Storing HOURLY reporting...
10:30:14.256 - Storing HOURLY reporting finished. Time 14. Records saved 3
10:30:14.257 - Removing old reporting records...
10:30:14.261 - Storing users finished. Time 413. Users saved 4
10:30:14.261 - Removing finished. Minute records 0, hour records 3. Time 19
10:30:14.264 - DB url : jdbc:postgresql://localhost:5432/blynk?tcpKeepAlive=true&socketTimeout=150
10:30:14.264 - DB user : test
10:30:14.264 - Connecting to DB...
10:30:14.295 - Connected to database successfully.
10:30:14.310 - DB url : jdbc:postgresql://localhost:5432/blynk?tcpKeepAlive=true&socketTimeout=150
10:30:14.310 - DB user : test
10:30:14.310 - Connecting to DB...
10:30:14.350 - Connected to database successfully.
10:30:14.361 - Storing HOURLY reporting...
10:30:14.369 - Storing HOURLY reporting finished. Time 8. Records saved 3
10:30:14.369 - Removing old reporting records...
10:30:14.371 - Removing finished. Minute records 0, hour records 3. Time 11
10:30:14.381 - DB url : jdbc:postgresql://localhost:5432/blynk?tcpKeepAlive=true&socketTimeout=150
10:30:14.381 - DB user : test
10:30:14.381 - Connecting to DB...
10:30:14.415 - Connected to database successfully.
10:30:14.431 - Storing HOURLY reporting...
10:30:14.440 - Storing HOURLY reporting finished. Time 9. Records saved 3
10:30:14.440 - Removing old reporting records...
10:30:14.442 - Removing finished. Minute records 0, hour records 3. Time 11
10:32:16.820 - DB url : jdbc:postgresql://localhost:5432/blynk?tcpKeepAlive=true&socketTimeout=150
10:32:16.822 - DB user : test
10:32:16.822 - Connecting to DB...
10:32:16.965 - Connected to database successfully.
10:32:16.985 - Storing users...
10:32:16.995 - DB url : jdbc:postgresql://localhost:5432/blynk?tcpKeepAlive=true&socketTimeout=150
10:32:16.995 - DB user : test
10:32:16.995 - Connecting to DB...
10:32:17.036 - Connected to database successfully.
10:32:17.298 - DB url : jdbc:postgresql://localhost:5432/blynk?tcpKeepAlive=true&socketTimeout=150
10:32:17.298 - DB user : test
10:32:17.298 - Connecting to DB...
10:32:17.341 - Connected to database successfully.
10:32:17.364 - Storing HOURLY reporting...
10:32:17.372 - Storing HOURLY reporting finished. Time 8. Records saved 3
10:32:17.373 - Removing old reporting records...
10:32:17.381 - Storing users finished. Time 396. Users saved 4
10:32:17.381 - Removing finished. Minute records 0, hour records 3. Time 17
10:32:17.389 - DB url : jdbc:postgresql://localhost:5432/blynk?tcpKeepAlive=true&socketTimeout=150
10:32:17.389 - DB user : test
10:32:17.389 - Connecting to DB...
10:32:17.420 - Connected to database successfully.
10:32:17.436 - DB url : jdbc:postgresql://localhost:5432/blynk?tcpKeepAlive=true&socketTimeout=150
10:32:17.437 - DB user : test
10:32:17.437 - Connecting to DB...
10:32:17.470 - Connected to database successfully.
10:32:17.482 - Storing HOURLY reporting...
10:32:17.499 - Storing HOURLY reporting finished. Time 16. Records saved 3
10:32:17.499 - Removing old reporting records...
10:32:17.501 - Removing finished. Minute records 0, hour records 3. Time 19
10:32:17.504 - DB url : jdbc:postgresql://localhost:5432/blynk?tcpKeepAlive=true&socketTimeout=150
10:32:17.504 - DB user : test
10:32:17.504 - Connecting to DB...
10:32:17.539 - Connected to database successfully.
10:32:17.556 - Storing HOURLY reporting...
10:32:17.564 - Storing HOURLY reporting finished. Time 9. Records saved 3
10:32:17.564 - Removing old reporting records...
10:32:17.566 - Removing finished. Minute records 0, hour records 3. Time 11
10:33:32.694 - DB url : jdbc:postgresql://localhost:5432/blynk?tcpKeepAlive=true&socketTimeout=150
10:33:32.696 - DB user : test
10:33:32.696 - Connecting to DB...
10:33:32.855 - Connected to database successfully.
10:33:32.877 - Storing users...
10:33:32.889 - DB url : jdbc:postgresql://localhost:5432/blynk?tcpKeepAlive=true&socketTimeout=150
10:33:32.889 - DB user : test
10:33:32.889 - Connecting to DB...
10:33:32.937 - Connected to database successfully.
10:33:33.194 - DB url : jdbc:postgresql://localhost:5432/blynk?tcpKeepAlive=true&socketTimeout=150
10:33:33.194 - DB user : test
10:33:33.194 - Connecting to DB...
10:33:33.241 - Connected to database successfully.
10:33:33.264 - Storing HOURLY reporting...
10:33:33.276 - Storing HOURLY reporting finished. Time 13. Records saved 3
10:33:33.276 - Removing old reporting records...
10:33:33.281 - Removing finished. Minute records 0, hour records 3. Time 18
10:33:33.291 - DB url : jdbc:postgresql://localhost:5432/blynk?tcpKeepAlive=true&socketTimeout=150
10:33:33.291 - DB user : test
10:33:33.291 - Connecting to DB...
10:33:33.306 - Storing users finished. Time 429. Users saved 4
10:33:33.324 - Connected to database successfully.
10:33:33.339 - DB url : jdbc:postgresql://localhost:5432/blynk?tcpKeepAlive=true&socketTimeout=150
10:33:33.339 - DB user : test
10:33:33.339 - Connecting to DB...
10:33:33.386 - Connected to database successfully.
10:33:33.396 - Storing HOURLY reporting...
10:33:33.410 - Storing HOURLY reporting finished. Time 14. Records saved 3
10:33:33.410 - Removing old reporting records...
10:33:33.412 - Removing finished. Minute records 0, hour records 3. Time 16
10:33:33.416 - DB url : jdbc:postgresql://localhost:5432/blynk?tcpKeepAlive=true&socketTimeout=150
10:33:33.416 - DB user : test
10:33:33.416 - Connecting to DB...
10:33:33.452 - Connected to database successfully.
10:33:33.473 - Storing HOURLY reporting...
10:33:33.485 - Storing HOURLY reporting finished. Time 12. Records saved 3
10:33:33.486 - Removing old reporting records...
10:33:33.488 - Removing finished. Minute records 0, hour records 3. Time 16
11:02:52.999 - DB url : jdbc:postgresql://localhost:5432/blynk?tcpKeepAlive=true&socketTimeout=150
11:02:53.001 - DB user : test
11:02:53.001 - Connecting to DB...
11:02:53.152 - Connected to database successfully.
11:02:53.172 - Storing users...
11:02:53.183 - DB url : jdbc:postgresql://localhost:5432/blynk?tcpKeepAlive=true&socketTimeout=150
11:02:53.183 - DB user : test
11:02:53.183 - Connecting to DB...
11:02:53.234 - Connected to database successfully.
11:02:53.487 - DB url : jdbc:postgresql://localhost:5432/blynk?tcpKeepAlive=true&socketTimeout=150
11:02:53.487 - DB user : test
11:02:53.487 - Connecting to DB...
11:02:53.529 - Connected to database successfully.
11:02:53.564 - Storing HOURLY reporting...
11:02:53.573 - Storing HOURLY reporting finished. Time 9. Records saved 3
11:02:53.573 - Removing old reporting records...
11:02:53.580 - Removing finished. Minute records 0, hour records 3. Time 15
11:02:53.580 - Storing users finished. Time 408. Users saved 4
11:02:53.586 - DB url : jdbc:postgresql://localhost:5432/blynk?tcpKeepAlive=true&socketTimeout=150
11:02:53.586 - DB user : test
11:02:53.587 - Connecting to DB...
11:02:53.623 - Connected to database successfully.
11:02:53.639 - DB url : jdbc:postgresql://localhost:5432/blynk?tcpKeepAlive=true&socketTimeout=150
11:02:53.640 - DB user : test
11:02:53.640 - Connecting to DB...
11:02:53.671 - Connected to database successfully.
11:02:53.682 - Storing HOURLY reporting...
11:02:53.688 - Storing HOURLY reporting finished. Time 6. Records saved 3
11:02:53.688 - Removing old reporting records...
11:02:53.689 - Removing finished. Minute records 0, hour records 3. Time 7
11:02:53.712 - DB url : jdbc:postgresql://localhost:5432/blynk?tcpKeepAlive=true&socketTimeout=150
11:02:53.712 - DB user : test
11:02:53.712 - Connecting to DB...
11:02:53.747 - Connected to database successfully.
11:02:53.764 - Storing HOURLY reporting...
11:02:53.771 - Storing HOURLY reporting finished. Time 7. Records saved 3
11:02:53.772 - Removing old reporting records...
11:02:53.774 - Removing finished. Minute records 0, hour records 3. Time 10
